{
"contracts/AuctionContract.sol":{"l":{"40":4,"41":4,"42":4,"43":4,"50":0,"51":0,"57":4,"59":4,"60":4,"72":4,"74":4,"79":3,"80":3,"81":3,"82":3,"85":3,"86":1,"87":1,"89":1,"90":1,"92":2,"93":2,"96":3,"97":3,"100":3,"101":0,"103":0,"104":0,"107":0,"111":3,"112":3,"113":3,"114":3,"119":2,"120":2,"121":2,"123":2,"125":2,"126":2,"128":2,"130":2,"132":2,"134":1,"135":1,"137":1,"138":1,"141":1,"142":1,"143":1,"146":0,"152":3,"153":3,"154":3,"155":3,"160":6},"path":"/Users/roryhe/Desktop/web3/code/roryhe-web3-record/solidity-task-three/contracts/AuctionContract.sol","s":{"1":4,"2":4,"3":0,"4":4,"5":4,"6":4,"7":3,"8":3,"9":3,"10":3,"11":3,"12":1,"13":1,"14":1,"15":2,"16":3,"17":3,"18":0,"19":0,"20":0,"21":0,"22":2,"23":2,"24":2,"25":2,"26":2,"27":2,"28":2,"29":2,"30":1,"31":1,"32":1,"33":1,"34":1,"35":1,"36":1,"37":0,"38":3,"39":3,"40":3,"41":3},"b":{"1":[4,0],"2":[0,0],"3":[0,0],"4":[0,0],"5":[3,0],"6":[1,2],"7":[1,0],"8":[1,0],"9":[2,0],"10":[3,0],"11":[0,3],"12":[0,0],"13":[0,0],"14":[2,0],"15":[2,0],"16":[2,0],"17":[1,1],"18":[1,0],"19":[1,0],"20":[3,0],"21":[6,0]},"f":{"1":4,"2":0,"3":0,"4":4,"5":3,"6":2,"7":3,"8":6},"fnMap":{"1":{"name":"initialize","line":39,"loc":{"start":{"line":39,"column":4},"end":{"line":44,"column":4}}},"2":{"name":"_authorizeUpgrade","line":46,"loc":{"start":{"line":46,"column":4},"end":{"line":46,"column":87}}},"3":{"name":"updateFee","line":49,"loc":{"start":{"line":49,"column":4},"end":{"line":52,"column":4}}},"4":{"name":"createAuction","line":55,"loc":{"start":{"line":55,"column":4},"end":{"line":75,"column":4}}},"5":{"name":"bidAuction","line":78,"loc":{"start":{"line":78,"column":4},"end":{"line":115,"column":4}}},"6":{"name":"settleAuction","line":118,"loc":{"start":{"line":118,"column":4},"end":{"line":148,"column":4}}},"7":{"name":"getUSDValue","line":151,"loc":{"start":{"line":151,"column":4},"end":{"line":156,"column":4}}},"8":{"name":"setPriceFeeds","line":159,"loc":{"start":{"line":159,"column":4},"end":{"line":161,"column":4}}}},"statementMap":{"1":{"start":{"line":40,"column":8},"end":{"line":40,"column":33}},"2":{"start":{"line":41,"column":8},"end":{"line":41,"column":31}},"3":{"start":{"line":50,"column":8},"end":{"line":50,"column":91}},"4":{"start":{"line":57,"column":8},"end":{"line":57,"column":76}},"5":{"start":{"line":72,"column":8},"end":{"line":72,"column":154}},"6":{"start":{"line":74,"column":8},"end":{"line":74,"column":29}},"7":{"start":{"line":79,"column":8},"end":{"line":79,"column":53}},"8":{"start":{"line":80,"column":8},"end":{"line":80,"column":25}},"9":{"start":{"line":81,"column":8},"end":{"line":81,"column":21}},"10":{"start":{"line":82,"column":8},"end":{"line":82,"column":86}},"11":{"start":{"line":85,"column":8},"end":{"line":85,"column":3051}},"12":{"start":{"line":86,"column":12},"end":{"line":86,"column":59}},"13":{"start":{"line":87,"column":12},"end":{"line":87,"column":47}},"14":{"start":{"line":90,"column":12},"end":{"line":90,"column":101}},"15":{"start":{"line":92,"column":12},"end":{"line":92,"column":49}},"16":{"start":{"line":97,"column":8},"end":{"line":97,"column":70}},"17":{"start":{"line":100,"column":8},"end":{"line":100,"column":3656}},"18":{"start":{"line":101,"column":12},"end":{"line":101,"column":3715}},"19":{"start":{"line":103,"column":16},"end":{"line":103,"column":106}},"20":{"start":{"line":104,"column":16},"end":{"line":104,"column":66}},"21":{"start":{"line":107,"column":16},"end":{"line":107,"column":101}},"22":{"start":{"line":119,"column":8},"end":{"line":119,"column":53}},"23":{"start":{"line":120,"column":8},"end":{"line":120,"column":71}},"24":{"start":{"line":121,"column":8},"end":{"line":121,"column":59}},"25":{"start":{"line":125,"column":8},"end":{"line":125,"column":64}},"26":{"start":{"line":126,"column":8},"end":{"line":126,"column":62}},"27":{"start":{"line":128,"column":8},"end":{"line":128,"column":4748}},"28":{"start":{"line":130,"column":12},"end":{"line":130,"column":107}},"29":{"start":{"line":132,"column":12},"end":{"line":132,"column":5002}},"30":{"start":{"line":134,"column":16},"end":{"line":134,"column":71}},"31":{"start":{"line":135,"column":16},"end":{"line":135,"column":49}},"32":{"start":{"line":137,"column":16},"end":{"line":137,"column":88}},"33":{"start":{"line":138,"column":16},"end":{"line":138,"column":60}},"34":{"start":{"line":141,"column":16},"end":{"line":141,"column":59}},"35":{"start":{"line":142,"column":16},"end":{"line":142,"column":48}},"36":{"start":{"line":143,"column":16},"end":{"line":143,"column":60}},"37":{"start":{"line":146,"column":12},"end":{"line":146,"column":100}},"38":{"start":{"line":152,"column":8},"end":{"line":152,"column":54}},"39":{"start":{"line":153,"column":8},"end":{"line":153,"column":59}},"40":{"start":{"line":154,"column":8},"end":{"line":154,"column":52}},"41":{"start":{"line":155,"column":8},"end":{"line":155,"column":42}}},"branchMap":{"1":{"line":39,"type":"if","locations":[{"start":{"line":39,"column":33},"end":{"line":39,"column":33}},{"start":{"line":39,"column":33},"end":{"line":39,"column":33}}]},"2":{"line":46,"type":"if","locations":[{"start":{"line":46,"column":76},"end":{"line":46,"column":76}},{"start":{"line":46,"column":76},"end":{"line":46,"column":76}}]},"3":{"line":49,"type":"if","locations":[{"start":{"line":49,"column":46},"end":{"line":49,"column":46}},{"start":{"line":49,"column":46},"end":{"line":49,"column":46}}]},"4":{"line":50,"type":"if","locations":[{"start":{"line":50,"column":8},"end":{"line":50,"column":8}},{"start":{"line":50,"column":8},"end":{"line":50,"column":8}}]},"5":{"line":82,"type":"if","locations":[{"start":{"line":82,"column":8},"end":{"line":82,"column":8}},{"start":{"line":82,"column":8},"end":{"line":82,"column":8}}]},"6":{"line":85,"type":"if","locations":[{"start":{"line":85,"column":8},"end":{"line":85,"column":8}},{"start":{"line":85,"column":8},"end":{"line":85,"column":8}}]},"7":{"line":86,"type":"if","locations":[{"start":{"line":86,"column":12},"end":{"line":86,"column":12}},{"start":{"line":86,"column":12},"end":{"line":86,"column":12}}]},"8":{"line":90,"type":"if","locations":[{"start":{"line":90,"column":12},"end":{"line":90,"column":12}},{"start":{"line":90,"column":12},"end":{"line":90,"column":12}}]},"9":{"line":92,"type":"if","locations":[{"start":{"line":92,"column":12},"end":{"line":92,"column":12}},{"start":{"line":92,"column":12},"end":{"line":92,"column":12}}]},"10":{"line":97,"type":"if","locations":[{"start":{"line":97,"column":8},"end":{"line":97,"column":8}},{"start":{"line":97,"column":8},"end":{"line":97,"column":8}}]},"11":{"line":100,"type":"if","locations":[{"start":{"line":100,"column":8},"end":{"line":100,"column":8}},{"start":{"line":100,"column":8},"end":{"line":100,"column":8}}]},"12":{"line":101,"type":"if","locations":[{"start":{"line":101,"column":12},"end":{"line":101,"column":12}},{"start":{"line":101,"column":12},"end":{"line":101,"column":12}}]},"13":{"line":104,"type":"if","locations":[{"start":{"line":104,"column":16},"end":{"line":104,"column":16}},{"start":{"line":104,"column":16},"end":{"line":104,"column":16}}]},"14":{"line":120,"type":"if","locations":[{"start":{"line":120,"column":8},"end":{"line":120,"column":8}},{"start":{"line":120,"column":8},"end":{"line":120,"column":8}}]},"15":{"line":121,"type":"if","locations":[{"start":{"line":121,"column":8},"end":{"line":121,"column":8}},{"start":{"line":121,"column":8},"end":{"line":121,"column":8}}]},"16":{"line":128,"type":"if","locations":[{"start":{"line":128,"column":8},"end":{"line":128,"column":8}},{"start":{"line":128,"column":8},"end":{"line":128,"column":8}}]},"17":{"line":132,"type":"if","locations":[{"start":{"line":132,"column":12},"end":{"line":132,"column":12}},{"start":{"line":132,"column":12},"end":{"line":132,"column":12}}]},"18":{"line":135,"type":"if","locations":[{"start":{"line":135,"column":16},"end":{"line":135,"column":16}},{"start":{"line":135,"column":16},"end":{"line":135,"column":16}}]},"19":{"line":138,"type":"if","locations":[{"start":{"line":138,"column":16},"end":{"line":138,"column":16}},{"start":{"line":138,"column":16},"end":{"line":138,"column":16}}]},"20":{"line":153,"type":"if","locations":[{"start":{"line":153,"column":8},"end":{"line":153,"column":8}},{"start":{"line":153,"column":8},"end":{"line":153,"column":8}}]},"21":{"line":159,"type":"if","locations":[{"start":{"line":159,"column":72},"end":{"line":159,"column":72}},{"start":{"line":159,"column":72},"end":{"line":159,"column":72}}]}}},
"contracts/MockERC20.sol":{"l":{"9":4,"13":1},"path":"/Users/roryhe/Desktop/web3/code/roryhe-web3-record/solidity-task-three/contracts/MockERC20.sol","s":{"1":4,"2":1},"b":{},"f":{"1":4,"2":1},"fnMap":{"1":{"name":"constructor","line":7,"loc":{"start":{"line":7,"column":4},"end":{"line":10,"column":4}}},"2":{"name":"mint","line":12,"loc":{"start":{"line":12,"column":4},"end":{"line":14,"column":4}}}},"statementMap":{"1":{"start":{"line":9,"column":8},"end":{"line":9,"column":42}},"2":{"start":{"line":13,"column":8},"end":{"line":13,"column":24}}},"branchMap":{}},
"contracts/MockNFT.sol":{"l":{"12":4,"13":4,"14":4},"path":"/Users/roryhe/Desktop/web3/code/roryhe-web3-record/solidity-task-three/contracts/MockNFT.sol","s":{"1":4,"2":4},"b":{},"f":{"1":4,"2":4},"fnMap":{"1":{"name":"constructor","line":9,"loc":{"start":{"line":9,"column":4},"end":{"line":9,"column":45}}},"2":{"name":"mint","line":11,"loc":{"start":{"line":11,"column":4},"end":{"line":15,"column":4}}}},"statementMap":{"1":{"start":{"line":13,"column":8},"end":{"line":13,"column":25}},"2":{"start":{"line":14,"column":8},"end":{"line":14,"column":22}}},"branchMap":{}},
"contracts/MockV3Aggregator.sol":{"l":{"9":6,"10":6,"24":3,"28":0},"path":"/Users/roryhe/Desktop/web3/code/roryhe-web3-record/solidity-task-three/contracts/MockV3Aggregator.sol","s":{"1":3},"b":{},"f":{"1":6,"2":3,"3":0},"fnMap":{"1":{"name":"constructor","line":8,"loc":{"start":{"line":8,"column":4},"end":{"line":11,"column":4}}},"2":{"name":"latestRoundData","line":13,"loc":{"start":{"line":13,"column":4},"end":{"line":25,"column":4}}},"3":{"name":"updateAnswer","line":27,"loc":{"start":{"line":27,"column":4},"end":{"line":29,"column":4}}}},"statementMap":{"1":{"start":{"line":24,"column":8},"end":{"line":24,"column":41}}},"branchMap":{}},
"contracts/NFTContract.sol":{"l":{"12":0,"16":0,"17":0,"18":0,"23":0,"27":0},"path":"/Users/roryhe/Desktop/web3/code/roryhe-web3-record/solidity-task-three/contracts/NFTContract.sol","s":{"1":0,"2":0,"3":0,"4":0,"5":0},"b":{"1":[0,0]},"f":{"1":0,"2":0,"3":0,"4":0},"fnMap":{"1":{"name":"constructor","line":11,"loc":{"start":{"line":11,"column":4},"end":{"line":13,"column":4}}},"2":{"name":"mint","line":15,"loc":{"start":{"line":15,"column":4},"end":{"line":19,"column":4}}},"3":{"name":"currentTokenId","line":22,"loc":{"start":{"line":22,"column":4},"end":{"line":24,"column":4}}},"4":{"name":"_baseURI","line":26,"loc":{"start":{"line":26,"column":4},"end":{"line":28,"column":4}}}},"statementMap":{"1":{"start":{"line":16,"column":8},"end":{"line":16,"column":40}},"2":{"start":{"line":17,"column":8},"end":{"line":17,"column":34}},"3":{"start":{"line":18,"column":8},"end":{"line":18,"column":22}},"4":{"start":{"line":23,"column":8},"end":{"line":23,"column":31}},"5":{"start":{"line":27,"column":8},"end":{"line":27,"column":128}}},"branchMap":{"1":{"line":15,"type":"if","locations":[{"start":{"line":15,"column":39},"end":{"line":15,"column":39}},{"start":{"line":15,"column":39},"end":{"line":15,"column":39}}]}}}}
