TN:
SF:/Users/roryhe/Desktop/web3/code/roryhe-web3-record/solidity-task-three/contracts/AuctionContract.sol
FN:39,initialize
FN:46,_authorizeUpgrade
FN:49,updateFee
FN:55,createAuction
FN:78,bidAuction
FN:118,settleAuction
FN:151,getUSDValue
FN:159,setPriceFeeds
FNF:8
FNH:6
FNDA:4,initialize
FNDA:0,_authorizeUpgrade
FNDA:0,updateFee
FNDA:4,createAuction
FNDA:3,bidAuction
FNDA:2,settleAuction
FNDA:3,getUSDValue
FNDA:6,setPriceFeeds
DA:40,4
DA:41,4
DA:42,4
DA:43,4
DA:50,0
DA:51,0
DA:57,4
DA:59,4
DA:60,4
DA:72,4
DA:74,4
DA:79,3
DA:80,3
DA:81,3
DA:82,3
DA:85,3
DA:86,1
DA:87,1
DA:89,1
DA:90,1
DA:92,2
DA:93,2
DA:96,3
DA:97,3
DA:100,3
DA:101,0
DA:103,0
DA:104,0
DA:107,0
DA:111,3
DA:112,3
DA:113,3
DA:114,3
DA:119,2
DA:120,2
DA:121,2
DA:123,2
DA:125,2
DA:126,2
DA:128,2
DA:130,2
DA:132,2
DA:134,1
DA:135,1
DA:137,1
DA:138,1
DA:141,1
DA:142,1
DA:143,1
DA:146,0
DA:152,3
DA:153,3
DA:154,3
DA:155,3
DA:160,6
LF:55
LH:48
BRDA:39,1,0,4
BRDA:39,1,1,0
BRDA:46,2,0,0
BRDA:46,2,1,0
BRDA:49,3,0,0
BRDA:49,3,1,0
BRDA:50,4,0,0
BRDA:50,4,1,0
BRDA:82,5,0,3
BRDA:82,5,1,0
BRDA:85,6,0,1
BRDA:85,6,1,2
BRDA:86,7,0,1
BRDA:86,7,1,0
BRDA:90,8,0,1
BRDA:90,8,1,0
BRDA:92,9,0,2
BRDA:92,9,1,0
BRDA:97,10,0,3
BRDA:97,10,1,0
BRDA:100,11,0,0
BRDA:100,11,1,3
BRDA:101,12,0,0
BRDA:101,12,1,0
BRDA:104,13,0,0
BRDA:104,13,1,0
BRDA:120,14,0,2
BRDA:120,14,1,0
BRDA:121,15,0,2
BRDA:121,15,1,0
BRDA:128,16,0,2
BRDA:128,16,1,0
BRDA:132,17,0,1
BRDA:132,17,1,1
BRDA:135,18,0,1
BRDA:135,18,1,0
BRDA:138,19,0,1
BRDA:138,19,1,0
BRDA:153,20,0,3
BRDA:153,20,1,0
BRDA:159,21,0,6
BRDA:159,21,1,0
BRF:42
BRH:18
end_of_record
TN:
SF:/Users/roryhe/Desktop/web3/code/roryhe-web3-record/solidity-task-three/contracts/MockERC20.sol
FN:7,constructor
FN:12,mint
FNF:2
FNH:2
FNDA:4,constructor
FNDA:1,mint
DA:9,4
DA:13,1
LF:2
LH:2
BRF:0
BRH:0
end_of_record
TN:
SF:/Users/roryhe/Desktop/web3/code/roryhe-web3-record/solidity-task-three/contracts/MockNFT.sol
FN:9,constructor
FN:11,mint
FNF:2
FNH:2
FNDA:4,constructor
FNDA:4,mint
DA:12,4
DA:13,4
DA:14,4
LF:3
LH:3
BRF:0
BRH:0
end_of_record
TN:
SF:/Users/roryhe/Desktop/web3/code/roryhe-web3-record/solidity-task-three/contracts/MockV3Aggregator.sol
FN:8,constructor
FN:13,latestRoundData
FN:27,updateAnswer
FNF:3
FNH:2
FNDA:6,constructor
FNDA:3,latestRoundData
FNDA:0,updateAnswer
DA:9,6
DA:10,6
DA:24,3
DA:28,0
LF:4
LH:3
BRF:0
BRH:0
end_of_record
TN:
SF:/Users/roryhe/Desktop/web3/code/roryhe-web3-record/solidity-task-three/contracts/NFTContract.sol
FN:11,constructor
FN:15,mint
FN:22,currentTokenId
FN:26,_baseURI
FNF:4
FNH:0
FNDA:0,constructor
FNDA:0,mint
FNDA:0,currentTokenId
FNDA:0,_baseURI
DA:12,0
DA:16,0
DA:17,0
DA:18,0
DA:23,0
DA:27,0
LF:6
LH:0
BRDA:15,1,0,0
BRDA:15,1,1,0
BRF:2
BRH:0
end_of_record
